2026-04-24 14:06:11 [INFO] com.mims.medicalinternsystem.MedicalInternSystemApplicationTests - Starting MedicalInternSystemApplicationTests using Java 17.0.12 with PID 7276 (started by USER in C:\Users\USER\Downloads\medical-intern-system\medical-intern-system)
2026-04-24 14:06:11 [DEBUG] com.mims.medicalinternsystem.MedicalInternSystemApplicationTests - Running with Spring Boot v3.5.13, Spring v6.2.17
2026-04-24 14:06:11 [INFO] com.mims.medicalinternsystem.MedicalInternSystemApplicationTests - No active profile set, falling back to 1 default profile: "default"
2026-04-24 14:06:13 [INFO] org.springframework.data.repository.config.RepositoryConfigurationDelegate - Bootstrapping Spring Data JPA repositories in DEFAULT mode.
2026-04-24 14:06:13 [INFO] org.springframework.data.repository.config.RepositoryConfigurationDelegate - Finished Spring Data repository scanning in 83 ms. Found 8 JPA repository interfaces.
2026-04-24 14:06:14 [INFO] org.hibernate.jpa.internal.util.LogHelper - HHH000204: Processing PersistenceUnitInfo [name: default]
2026-04-24 14:06:14 [INFO] org.hibernate.Version - HHH000412: Hibernate ORM core version 6.6.45.Final
2026-04-24 14:06:15 [INFO] org.hibernate.cache.internal.RegionFactoryInitiator - HHH000026: Second-level cache disabled
2026-04-24 14:06:15 [INFO] org.springframework.orm.jpa.persistenceunit.SpringPersistenceUnitInfo - No LoadTimeWeaver setup: ignoring JPA class transformer
2026-04-24 14:06:15 [INFO] com.zaxxer.hikari.HikariDataSource - HikariPool-1 - Starting...
2026-04-24 14:06:16 [INFO] com.zaxxer.hikari.pool.HikariPool - HikariPool-1 - Added connection org.postgresql.jdbc.PgConnection@23d0944b
2026-04-24 14:06:16 [INFO] com.zaxxer.hikari.HikariDataSource - HikariPool-1 - Start completed.
2026-04-24 14:06:16 [INFO] org.hibernate.orm.connections.pooling - HHH10001005: Database info:
	Database JDBC URL [Connecting through datasource 'HikariDataSource (HikariPool-1)']
	Database driver: undefined/unknown
	Database version: 17.7
	Autocommit mode: undefined/unknown
	Isolation level: undefined/unknown
	Minimum pool size: undefined/unknown
	Maximum pool size: undefined/unknown
2026-04-24 14:06:17 [INFO] org.hibernate.engine.transaction.jta.platform.internal.JtaPlatformInitiator - HHH000489: No JTA platform available (set 'hibernate.transaction.jta.platform' to enable JTA platform integration)
2026-04-24 14:06:17 [INFO] org.springframework.orm.jpa.LocalContainerEntityManagerFactoryBean - Initialized JPA EntityManagerFactory for persistence unit 'default'
2026-04-24 14:06:19 [INFO] org.springframework.security.config.annotation.authentication.configuration.InitializeUserDetailsBeanManagerConfigurer$InitializeUserDetailsManagerConfigurer - Global AuthenticationManager configured with UserDetailsService bean with name customUserDetailsService
2026-04-24 14:06:22 [INFO] com.mims.medicalinternsystem.MedicalInternSystemApplicationTests - Started MedicalInternSystemApplicationTests in 10.698 seconds (process running for 11.753)
2026-04-24 14:06:22 [INFO] org.springframework.orm.jpa.LocalContainerEntityManagerFactoryBean - Closing JPA EntityManagerFactory for persistence unit 'default'
2026-04-24 14:06:22 [INFO] com.zaxxer.hikari.HikariDataSource - HikariPool-1 - Shutdown initiated...
2026-04-24 14:06:22 [INFO] com.zaxxer.hikari.HikariDataSource - HikariPool-1 - Shutdown completed.
